
|| This is the script interleave-reads.py in khmer.
|| You are running khmer version 2.1.2
|| You are also using screed version 1.0
||
|| If you use this script in a publication, please cite EACH of the following:
||
||   * MR Crusoe et al., 2015. http://dx.doi.org/10.12688/f1000research.6924.1
||
|| Please see http://khmer.readthedocs.io/en/latest/citations.html for details.

Interleaving:
	../../data/36Lt.76.R1_val_1.fq
	../../data/36Lt.76.R2_val_2.fq
... 0 pairs
... 100000 pairs
... 200000 pairs
... 300000 pairs
... 400000 pairs
... 500000 pairs
... 600000 pairs
... 700000 pairs
... 800000 pairs
... 900000 pairs
... 1000000 pairs
... 1100000 pairs
... 1200000 pairs
... 1300000 pairs
... 1400000 pairs
... 1500000 pairs
... 1600000 pairs
... 1700000 pairs
... 1800000 pairs
... 1900000 pairs
... 2000000 pairs
... 2100000 pairs
... 2200000 pairs
... 2300000 pairs
... 2400000 pairs
... 2500000 pairs
... 2600000 pairs
... 2700000 pairs
... 2800000 pairs
... 2900000 pairs
... 3000000 pairs
... 3100000 pairs
... 3200000 pairs
... 3300000 pairs
... 3400000 pairs
... 3500000 pairs
... 3600000 pairs
... 3700000 pairs
... 3800000 pairs
... 3900000 pairs
... 4000000 pairs
... 4100000 pairs
... 4200000 pairs
... 4300000 pairs
... 4400000 pairs
... 4500000 pairs
... 4600000 pairs
... 4700000 pairs
... 4800000 pairs
... 4900000 pairs
... 5000000 pairs
... 5100000 pairs
... 5200000 pairs
... 5300000 pairs
... 5400000 pairs
... 5500000 pairs
... 5600000 pairs
... 5700000 pairs
... 5800000 pairs
... 5900000 pairs
... 6000000 pairs
... 6100000 pairs
... 6200000 pairs
... 6300000 pairs
... 6400000 pairs
... 6500000 pairs
... 6600000 pairs
... 6700000 pairs
... 6800000 pairs
... 6900000 pairs
... 7000000 pairs
... 7100000 pairs
... 7200000 pairs
... 7300000 pairs
... 7400000 pairs
... 7500000 pairs
... 7600000 pairs
... 7700000 pairs
... 7800000 pairs
... 7900000 pairs
... 8000000 pairs
... 8100000 pairs
... 8200000 pairs
... 8300000 pairs
... 8400000 pairs
... 8500000 pairs
... 8600000 pairs
... 8700000 pairs
... 8800000 pairs
... 8900000 pairs
... 9000000 pairs
... 9100000 pairs
... 9200000 pairs
... 9300000 pairs
... 9400000 pairs
... 9500000 pairs
... 9600000 pairs
... 9700000 pairs
... 9800000 pairs
... 9900000 pairs
... 10000000 pairs
... 10100000 pairs
... 10200000 pairs
... 10300000 pairs
... 10400000 pairs
... 10500000 pairs
... 10600000 pairs
... 10700000 pairs
... 10800000 pairs
... 10900000 pairs
... 11000000 pairs
... 11100000 pairs
... 11200000 pairs
... 11300000 pairs
... 11400000 pairs
... 11500000 pairs
... 11600000 pairs
... 11700000 pairs
... 11800000 pairs
... 11900000 pairs
... 12000000 pairs
... 12100000 pairs
... 12200000 pairs
... 12300000 pairs
... 12400000 pairs
... 12500000 pairs
... 12600000 pairs
... 12700000 pairs
... 12800000 pairs
... 12900000 pairs
... 13000000 pairs
... 13100000 pairs
... 13200000 pairs
... 13300000 pairs
... 13400000 pairs
... 13500000 pairs
... 13600000 pairs
... 13700000 pairs
... 13800000 pairs
... 13900000 pairs
... 14000000 pairs
... 14100000 pairs
... 14200000 pairs
... 14300000 pairs
... 14400000 pairs
... 14500000 pairs
... 14600000 pairs
... 14700000 pairs
... 14800000 pairs
... 14900000 pairs
... 15000000 pairs
... 15100000 pairs
... 15200000 pairs
... 15300000 pairs
... 15400000 pairs
... 15500000 pairs
... 15600000 pairs
... 15700000 pairs
... 15800000 pairs
... 15900000 pairs
... 16000000 pairs
... 16100000 pairs
... 16200000 pairs
... 16300000 pairs
... 16400000 pairs
... 16500000 pairs
... 16600000 pairs
... 16700000 pairs
... 16800000 pairs
... 16900000 pairs
... 17000000 pairs
... 17100000 pairs
... 17200000 pairs
... 17300000 pairs
... 17400000 pairs
... 17500000 pairs
... 17600000 pairs
... 17700000 pairs
... 17800000 pairs
... 17900000 pairs
... 18000000 pairs
... 18100000 pairs
... 18200000 pairs
... 18300000 pairs
... 18400000 pairs
... 18500000 pairs
... 18600000 pairs
... 18700000 pairs
... 18800000 pairs
... 18900000 pairs
... 19000000 pairs
... 19100000 pairs
... 19200000 pairs
... 19300000 pairs
... 19400000 pairs
... 19500000 pairs
... 19600000 pairs
... 19700000 pairs
... 19800000 pairs
... 19900000 pairs
... 20000000 pairs
... 20100000 pairs
... 20200000 pairs
... 20300000 pairs
... 20400000 pairs
... 20500000 pairs
... 20600000 pairs
... 20700000 pairs
... 20800000 pairs
... 20900000 pairs
... 21000000 pairs
... 21100000 pairs
... 21200000 pairs
... 21300000 pairs
... 21400000 pairs
... 21500000 pairs
... 21600000 pairs
... 21700000 pairs
... 21800000 pairs
... 21900000 pairs
... 22000000 pairs
... 22100000 pairs
... 22200000 pairs
... 22300000 pairs
... 22400000 pairs
... 22500000 pairs
... 22600000 pairs
... 22700000 pairs
... 22800000 pairs
... 22900000 pairs
... 23000000 pairs
... 23100000 pairs
... 23200000 pairs
... 23300000 pairs
... 23400000 pairs
... 23500000 pairs
... 23600000 pairs
... 23700000 pairs
... 23800000 pairs
... 23900000 pairs
... 24000000 pairs
... 24100000 pairs
... 24200000 pairs
... 24300000 pairs
... 24400000 pairs
... 24500000 pairs
... 24600000 pairs
... 24700000 pairs
... 24800000 pairs
... 24900000 pairs
... 25000000 pairs
... 25100000 pairs
... 25200000 pairs
... 25300000 pairs
... 25400000 pairs
... 25500000 pairs
... 25600000 pairs
... 25700000 pairs
... 25800000 pairs
... 25900000 pairs
... 26000000 pairs
... 26100000 pairs
... 26200000 pairs
... 26300000 pairs
... 26400000 pairs
... 26500000 pairs
... 26600000 pairs
... 26700000 pairs
... 26800000 pairs
... 26900000 pairs
... 27000000 pairs
... 27100000 pairs
... 27200000 pairs
... 27300000 pairs
... 27400000 pairs
... 27500000 pairs
... 27600000 pairs
... 27700000 pairs
... 27800000 pairs
... 27900000 pairs
... 28000000 pairs
... 28100000 pairs
... 28200000 pairs
... 28300000 pairs
... 28400000 pairs
... 28500000 pairs
... 28600000 pairs
... 28700000 pairs
... 28800000 pairs
... 28900000 pairs
... 29000000 pairs
... 29100000 pairs
... 29200000 pairs
... 29300000 pairs
... 29400000 pairs
... 29500000 pairs
... 29600000 pairs
... 29700000 pairs
... 29800000 pairs
... 29900000 pairs
... 30000000 pairs
... 30100000 pairs
... 30200000 pairs
... 30300000 pairs
... 30400000 pairs
... 30500000 pairs
... 30600000 pairs
... 30700000 pairs
... 30800000 pairs
... 30900000 pairs
... 31000000 pairs
... 31100000 pairs
... 31200000 pairs
... 31300000 pairs
... 31400000 pairs
... 31500000 pairs
... 31600000 pairs
... 31700000 pairs
... 31800000 pairs
... 31900000 pairs
... 32000000 pairs
... 32100000 pairs
... 32200000 pairs
... 32300000 pairs
... 32400000 pairs
... 32500000 pairs
... 32600000 pairs
... 32700000 pairs
... 32800000 pairs
... 32900000 pairs
... 33000000 pairs
... 33100000 pairs
... 33200000 pairs
... 33300000 pairs
... 33400000 pairs
... 33500000 pairs
... 33600000 pairs
... 33700000 pairs
... 33800000 pairs
... 33900000 pairs
... 34000000 pairs
... 34100000 pairs
... 34200000 pairs
... 34300000 pairs
... 34400000 pairs
... 34500000 pairs
... 34600000 pairs
... 34700000 pairs
... 34800000 pairs
... 34900000 pairs
... 35000000 pairs
... 35100000 pairs
... 35200000 pairs
... 35300000 pairs
... 35400000 pairs
... 35500000 pairs
... 35600000 pairs
... 35700000 pairs
... 35800000 pairs
... 35900000 pairs
... 36000000 pairs
... 36100000 pairs
... 36200000 pairs
... 36300000 pairs
... 36400000 pairs
... 36500000 pairs
... 36600000 pairs
... 36700000 pairs
... 36800000 pairs
... 36900000 pairs
... 37000000 pairs
... 37100000 pairs
... 37200000 pairs
... 37300000 pairs
... 37400000 pairs
... 37500000 pairs
... 37600000 pairs
... 37700000 pairs
... 37800000 pairs
... 37900000 pairs
... 38000000 pairs
... 38100000 pairs
... 38200000 pairs
... 38300000 pairs
... 38400000 pairs
... 38500000 pairs
... 38600000 pairs
... 38700000 pairs
... 38800000 pairs
... 38900000 pairs
... 39000000 pairs
... 39100000 pairs
... 39200000 pairs
... 39300000 pairs
... 39400000 pairs
... 39500000 pairs
... 39600000 pairs
... 39700000 pairs
... 39800000 pairs
... 39900000 pairs
... 40000000 pairs
... 40100000 pairs
... 40200000 pairs
... 40300000 pairs
... 40400000 pairs
... 40500000 pairs
... 40600000 pairs
... 40700000 pairs
... 40800000 pairs
... 40900000 pairs
... 41000000 pairs
... 41100000 pairs
... 41200000 pairs
... 41300000 pairs
... 41400000 pairs
... 41500000 pairs
... 41600000 pairs
... 41700000 pairs
... 41800000 pairs
... 41900000 pairs
... 42000000 pairs
... 42100000 pairs
... 42200000 pairs
... 42300000 pairs
... 42400000 pairs
... 42500000 pairs
... 42600000 pairs
... 42700000 pairs
... 42800000 pairs
... 42900000 pairs
... 43000000 pairs
... 43100000 pairs
... 43200000 pairs
... 43300000 pairs
... 43400000 pairs
... 43500000 pairs
... 43600000 pairs
... 43700000 pairs
... 43800000 pairs
... 43900000 pairs
... 44000000 pairs
... 44100000 pairs
... 44200000 pairs
... 44300000 pairs
... 44400000 pairs
... 44500000 pairs
... 44600000 pairs
... 44700000 pairs
... 44800000 pairs
... 44900000 pairs
... 45000000 pairs
... 45100000 pairs
... 45200000 pairs
... 45300000 pairs
... 45400000 pairs
... 45500000 pairs
... 45600000 pairs
... 45700000 pairs
... 45800000 pairs
... 45900000 pairs
... 46000000 pairs
... 46100000 pairs
... 46200000 pairs
... 46300000 pairs
... 46400000 pairs
... 46500000 pairs
... 46600000 pairs
... 46700000 pairs
... 46800000 pairs
... 46900000 pairs
... 47000000 pairs
... 47100000 pairs
... 47200000 pairs
... 47300000 pairs
... 47400000 pairs
... 47500000 pairs
... 47600000 pairs
... 47700000 pairs
... 47800000 pairs
... 47900000 pairs
... 48000000 pairs
... 48100000 pairs
... 48200000 pairs
... 48300000 pairs
... 48400000 pairs
... 48500000 pairs
... 48600000 pairs
... 48700000 pairs
... 48800000 pairs
... 48900000 pairs
... 49000000 pairs
... 49100000 pairs
... 49200000 pairs
... 49300000 pairs
... 49400000 pairs
... 49500000 pairs
... 49600000 pairs
... 49700000 pairs
... 49800000 pairs
... 49900000 pairs
... 50000000 pairs
... 50100000 pairs
... 50200000 pairs
... 50300000 pairs
... 50400000 pairs
... 50500000 pairs
... 50600000 pairs
... 50700000 pairs
... 50800000 pairs
... 50900000 pairs
... 51000000 pairs
... 51100000 pairs
... 51200000 pairs
... 51300000 pairs
... 51400000 pairs
... 51500000 pairs
... 51600000 pairs
... 51700000 pairs
... 51800000 pairs
... 51900000 pairs
... 52000000 pairs
... 52100000 pairs
... 52200000 pairs
... 52300000 pairs
... 52400000 pairs
... 52500000 pairs
... 52600000 pairs
... 52700000 pairs
... 52800000 pairs
... 52900000 pairs
... 53000000 pairs
... 53100000 pairs
... 53200000 pairs
... 53300000 pairs
... 53400000 pairs
... 53500000 pairs
... 53600000 pairs
... 53700000 pairs
... 53800000 pairs
... 53900000 pairs
... 54000000 pairs
... 54100000 pairs
... 54200000 pairs
... 54300000 pairs
... 54400000 pairs
... 54500000 pairs
... 54600000 pairs
... 54700000 pairs
... 54800000 pairs
... 54900000 pairs
... 55000000 pairs
... 55100000 pairs
... 55200000 pairs
... 55300000 pairs
... 55400000 pairs
... 55500000 pairs
... 55600000 pairs
... 55700000 pairs
... 55800000 pairs
... 55900000 pairs
... 56000000 pairs
... 56100000 pairs
... 56200000 pairs
... 56300000 pairs
... 56400000 pairs
... 56500000 pairs
... 56600000 pairs
... 56700000 pairs
... 56800000 pairs
... 56900000 pairs
... 57000000 pairs
... 57100000 pairs
... 57200000 pairs
... 57300000 pairs
... 57400000 pairs
... 57500000 pairs
... 57600000 pairs
... 57700000 pairs
... 57800000 pairs
... 57900000 pairs
... 58000000 pairs
... 58100000 pairs
... 58200000 pairs
... 58300000 pairs
... 58400000 pairs
... 58500000 pairs
... 58600000 pairs
... 58700000 pairs
... 58800000 pairs
... 58900000 pairs
... 59000000 pairs
... 59100000 pairs
... 59200000 pairs
... 59300000 pairs
... 59400000 pairs
... 59500000 pairs
... 59600000 pairs
... 59700000 pairs
... 59800000 pairs
... 59900000 pairs
... 60000000 pairs
... 60100000 pairs
... 60200000 pairs
... 60300000 pairs
... 60400000 pairs
... 60500000 pairs
... 60600000 pairs
... 60700000 pairs
... 60800000 pairs
... 60900000 pairs
... 61000000 pairs
... 61100000 pairs
... 61200000 pairs
... 61300000 pairs
... 61400000 pairs
... 61500000 pairs
... 61600000 pairs
... 61700000 pairs
... 61800000 pairs
... 61900000 pairs
... 62000000 pairs
... 62100000 pairs
... 62200000 pairs
... 62300000 pairs
... 62400000 pairs
... 62500000 pairs
... 62600000 pairs
... 62700000 pairs
... 62800000 pairs
... 62900000 pairs
... 63000000 pairs
... 63100000 pairs
... 63200000 pairs
... 63300000 pairs
... 63400000 pairs
... 63500000 pairs
... 63600000 pairs
... 63700000 pairs
... 63800000 pairs
... 63900000 pairs
... 64000000 pairs
... 64100000 pairs
... 64200000 pairs
... 64300000 pairs
... 64400000 pairs
... 64500000 pairs
... 64600000 pairs
... 64700000 pairs
... 64800000 pairs
... 64900000 pairs
... 65000000 pairs
... 65100000 pairs
... 65200000 pairs
... 65300000 pairs
... 65400000 pairs
... 65500000 pairs
... 65600000 pairs
... 65700000 pairs
... 65800000 pairs
... 65900000 pairs
... 66000000 pairs
... 66100000 pairs
... 66200000 pairs
... 66300000 pairs
... 66400000 pairs
... 66500000 pairs
... 66600000 pairs
... 66700000 pairs
... 66800000 pairs
... 66900000 pairs
... 67000000 pairs
... 67100000 pairs
... 67200000 pairs
... 67300000 pairs
... 67400000 pairs
... 67500000 pairs
... 67600000 pairs
... 67700000 pairs
... 67800000 pairs
... 67900000 pairs
... 68000000 pairs
... 68100000 pairs
... 68200000 pairs
... 68300000 pairs
... 68400000 pairs
... 68500000 pairs
... 68600000 pairs
... 68700000 pairs
... 68800000 pairs
... 68900000 pairs
... 69000000 pairs
... 69100000 pairs
... 69200000 pairs
... 69300000 pairs
... 69400000 pairs
... 69500000 pairs
... 69600000 pairs
... 69700000 pairs
... 69800000 pairs
... 69900000 pairs
... 70000000 pairs
... 70100000 pairs
... 70200000 pairs
... 70300000 pairs
... 70400000 pairs
... 70500000 pairs
... 70600000 pairs
... 70700000 pairs
... 70800000 pairs
... 70900000 pairs
... 71000000 pairs
... 71100000 pairs
... 71200000 pairs
... 71300000 pairs
... 71400000 pairs
... 71500000 pairs
... 71600000 pairs
... 71700000 pairs
... 71800000 pairs
... 71900000 pairs
... 72000000 pairs
... 72100000 pairs
... 72200000 pairs
... 72300000 pairs
... 72400000 pairs
... 72500000 pairs
... 72600000 pairs
... 72700000 pairs
... 72800000 pairs
... 72900000 pairs
... 73000000 pairs
... 73100000 pairs
... 73200000 pairs
... 73300000 pairs
... 73400000 pairs
... 73500000 pairs
... 73600000 pairs
... 73700000 pairs
... 73800000 pairs
... 73900000 pairs
... 74000000 pairs
... 74100000 pairs
... 74200000 pairs
... 74300000 pairs
... 74400000 pairs
... 74500000 pairs
... 74600000 pairs
... 74700000 pairs
... 74800000 pairs
... 74900000 pairs
... 75000000 pairs
... 75100000 pairs
... 75200000 pairs
... 75300000 pairs
... 75400000 pairs
... 75500000 pairs
... 75600000 pairs
... 75700000 pairs
... 75800000 pairs
... 75900000 pairs
... 76000000 pairs
... 76100000 pairs
... 76200000 pairs
... 76300000 pairs
... 76400000 pairs
... 76500000 pairs
... 76600000 pairs
... 76700000 pairs
... 76800000 pairs
... 76900000 pairs
... 77000000 pairs
... 77100000 pairs
... 77200000 pairs
... 77300000 pairs
... 77400000 pairs
... 77500000 pairs
... 77600000 pairs
... 77700000 pairs
... 77800000 pairs
... 77900000 pairs
... 78000000 pairs
... 78100000 pairs
... 78200000 pairs
... 78300000 pairs
... 78400000 pairs
... 78500000 pairs
... 78600000 pairs
... 78700000 pairs
... 78800000 pairs
... 78900000 pairs
... 79000000 pairs
... 79100000 pairs
... 79200000 pairs
... 79300000 pairs
... 79400000 pairs
... 79500000 pairs
... 79600000 pairs
... 79700000 pairs
... 79800000 pairs
... 79900000 pairs
... 80000000 pairs
... 80100000 pairs
... 80200000 pairs
... 80300000 pairs
... 80400000 pairs
... 80500000 pairs
... 80600000 pairs
... 80700000 pairs
... 80800000 pairs
... 80900000 pairs
... 81000000 pairs
... 81100000 pairs
... 81200000 pairs
... 81300000 pairs
... 81400000 pairs
... 81500000 pairs
... 81600000 pairs
... 81700000 pairs
... 81800000 pairs
... 81900000 pairs
... 82000000 pairs
... 82100000 pairs
... 82200000 pairs
... 82300000 pairs
... 82400000 pairs
... 82500000 pairs
... 82600000 pairs
... 82700000 pairs
... 82800000 pairs
... 82900000 pairs
... 83000000 pairs
... 83100000 pairs
... 83200000 pairs
... 83300000 pairs
... 83400000 pairs
... 83500000 pairs
... 83600000 pairs
... 83700000 pairs
... 83800000 pairs
... 83900000 pairs
... 84000000 pairs
... 84100000 pairs
... 84200000 pairs
... 84300000 pairs
... 84400000 pairs
... 84500000 pairs
... 84600000 pairs
... 84700000 pairs
... 84800000 pairs
... 84900000 pairs
... 85000000 pairs
... 85100000 pairs
... 85200000 pairs
... 85300000 pairs
... 85400000 pairs
... 85500000 pairs
... 85600000 pairs
... 85700000 pairs
... 85800000 pairs
... 85900000 pairs
... 86000000 pairs
... 86100000 pairs
... 86200000 pairs
... 86300000 pairs
... 86400000 pairs
... 86500000 pairs
... 86600000 pairs
... 86700000 pairs
... 86800000 pairs
... 86900000 pairs
... 87000000 pairs
... 87100000 pairs
... 87200000 pairs
... 87300000 pairs
... 87400000 pairs
... 87500000 pairs
... 87600000 pairs
... 87700000 pairs
... 87800000 pairs
... 87900000 pairs
... 88000000 pairs
... 88100000 pairs
... 88200000 pairs
... 88300000 pairs
... 88400000 pairs
... 88500000 pairs
... 88600000 pairs
... 88700000 pairs
... 88800000 pairs
... 88900000 pairs
... 89000000 pairs
... 89100000 pairs
... 89200000 pairs
... 89300000 pairs
... 89400000 pairs
... 89500000 pairs
... 89600000 pairs
... 89700000 pairs
... 89800000 pairs
... 89900000 pairs
... 90000000 pairs
... 90100000 pairs
... 90200000 pairs
... 90300000 pairs
... 90400000 pairs
... 90500000 pairs
... 90600000 pairs
... 90700000 pairs
... 90800000 pairs
... 90900000 pairs
... 91000000 pairs
... 91100000 pairs
... 91200000 pairs
... 91300000 pairs
... 91400000 pairs
... 91500000 pairs
... 91600000 pairs
... 91700000 pairs
... 91800000 pairs
... 91900000 pairs
... 92000000 pairs
... 92100000 pairs
... 92200000 pairs
... 92300000 pairs
... 92400000 pairs
... 92500000 pairs
... 92600000 pairs
... 92700000 pairs
... 92800000 pairs
... 92900000 pairs
... 93000000 pairs
... 93100000 pairs
... 93200000 pairs
... 93300000 pairs
... 93400000 pairs
... 93500000 pairs
... 93600000 pairs
... 93700000 pairs
... 93800000 pairs
... 93900000 pairs
... 94000000 pairs
... 94100000 pairs
... 94200000 pairs
... 94300000 pairs
... 94400000 pairs
... 94500000 pairs
... 94600000 pairs
... 94700000 pairs
... 94800000 pairs
... 94900000 pairs
... 95000000 pairs
... 95100000 pairs
... 95200000 pairs
... 95300000 pairs
... 95400000 pairs
... 95500000 pairs
... 95600000 pairs
... 95700000 pairs
... 95800000 pairs
... 95900000 pairs
... 96000000 pairs
... 96100000 pairs
... 96200000 pairs
... 96300000 pairs
... 96400000 pairs
... 96500000 pairs
... 96600000 pairs
... 96700000 pairs
... 96800000 pairs
... 96900000 pairs
... 97000000 pairs
... 97100000 pairs
... 97200000 pairs
... 97300000 pairs
... 97400000 pairs
... 97500000 pairs
... 97600000 pairs
... 97700000 pairs
... 97800000 pairs
... 97900000 pairs
... 98000000 pairs
... 98100000 pairs
... 98200000 pairs
... 98300000 pairs
... 98400000 pairs
... 98500000 pairs
... 98600000 pairs
... 98700000 pairs
... 98800000 pairs
... 98900000 pairs
... 99000000 pairs
... 99100000 pairs
... 99200000 pairs
... 99300000 pairs
... 99400000 pairs
... 99500000 pairs
... 99600000 pairs
... 99700000 pairs
... 99800000 pairs
... 99900000 pairs
... 100000000 pairs
... 100100000 pairs
... 100200000 pairs
... 100300000 pairs
... 100400000 pairs
... 100500000 pairs
... 100600000 pairs
... 100700000 pairs
... 100800000 pairs
... 100900000 pairs
... 101000000 pairs
... 101100000 pairs
... 101200000 pairs
... 101300000 pairs
... 101400000 pairs
... 101500000 pairs
... 101600000 pairs
... 101700000 pairs
... 101800000 pairs
... 101900000 pairs
... 102000000 pairs
... 102100000 pairs
... 102200000 pairs
... 102300000 pairs
... 102400000 pairs
... 102500000 pairs
... 102600000 pairs
... 102700000 pairs
... 102800000 pairs
... 102900000 pairs
... 103000000 pairs
... 103100000 pairs
... 103200000 pairs
... 103300000 pairs
... 103400000 pairs
... 103500000 pairs
... 103600000 pairs
... 103700000 pairs
... 103800000 pairs
... 103900000 pairs
... 104000000 pairs
... 104100000 pairs
... 104200000 pairs
... 104300000 pairs
... 104400000 pairs
... 104500000 pairs
... 104600000 pairs
... 104700000 pairs
... 104800000 pairs
... 104900000 pairs
... 105000000 pairs
... 105100000 pairs
... 105200000 pairs
... 105300000 pairs
... 105400000 pairs
... 105500000 pairs
... 105600000 pairs
... 105700000 pairs
... 105800000 pairs
... 105900000 pairs
... 106000000 pairs
... 106100000 pairs
... 106200000 pairs
... 106300000 pairs
... 106400000 pairs
... 106500000 pairs
... 106600000 pairs
... 106700000 pairs
... 106800000 pairs
... 106900000 pairs
... 107000000 pairs
... 107100000 pairs
... 107200000 pairs
... 107300000 pairs
... 107400000 pairs
... 107500000 pairs
... 107600000 pairs
... 107700000 pairs
... 107800000 pairs
... 107900000 pairs
... 108000000 pairs
... 108100000 pairs
... 108200000 pairs
... 108300000 pairs
... 108400000 pairs
... 108500000 pairs
... 108600000 pairs
... 108700000 pairs
... 108800000 pairs
... 108900000 pairs
... 109000000 pairs
... 109100000 pairs
... 109200000 pairs
... 109300000 pairs
... 109400000 pairs
... 109500000 pairs
... 109600000 pairs
... 109700000 pairs
... 109800000 pairs
... 109900000 pairs
... 110000000 pairs
... 110100000 pairs
... 110200000 pairs
... 110300000 pairs
... 110400000 pairs
... 110500000 pairs
... 110600000 pairs
... 110700000 pairs
... 110800000 pairs
... 110900000 pairs
... 111000000 pairs
... 111100000 pairs
... 111200000 pairs
... 111300000 pairs
... 111400000 pairs
... 111500000 pairs
... 111600000 pairs
... 111700000 pairs
... 111800000 pairs
... 111900000 pairs
... 112000000 pairs
... 112100000 pairs
... 112200000 pairs
... 112300000 pairs
... 112400000 pairs
... 112500000 pairs
... 112600000 pairs
... 112700000 pairs
... 112800000 pairs
... 112900000 pairs
... 113000000 pairs
... 113100000 pairs
... 113200000 pairs
... 113300000 pairs
... 113400000 pairs
... 113500000 pairs
... 113600000 pairs
... 113700000 pairs
... 113800000 pairs
... 113900000 pairs
... 114000000 pairs
... 114100000 pairs
... 114200000 pairs
... 114300000 pairs
... 114400000 pairs
... 114500000 pairs
... 114600000 pairs
... 114700000 pairs
... 114800000 pairs
... 114900000 pairs
... 115000000 pairs
... 115100000 pairs
... 115200000 pairs
... 115300000 pairs
... 115400000 pairs
... 115500000 pairs
... 115600000 pairs
... 115700000 pairs
... 115800000 pairs
... 115900000 pairs
... 116000000 pairs
... 116100000 pairs
... 116200000 pairs
... 116300000 pairs
... 116400000 pairs
... 116500000 pairs
... 116600000 pairs
... 116700000 pairs
... 116800000 pairs
... 116900000 pairs
... 117000000 pairs
... 117100000 pairs
... 117200000 pairs
... 117300000 pairs
... 117400000 pairs
... 117500000 pairs
... 117600000 pairs
... 117700000 pairs
... 117800000 pairs
... 117900000 pairs
... 118000000 pairs
... 118100000 pairs
... 118200000 pairs
... 118300000 pairs
... 118400000 pairs
... 118500000 pairs
... 118600000 pairs
... 118700000 pairs
... 118800000 pairs
... 118900000 pairs
... 119000000 pairs
... 119100000 pairs
... 119200000 pairs
... 119300000 pairs
... 119400000 pairs
... 119500000 pairs
... 119600000 pairs
... 119700000 pairs
... 119800000 pairs
... 119900000 pairs
... 120000000 pairs
... 120100000 pairs
... 120200000 pairs
... 120300000 pairs
... 120400000 pairs
... 120500000 pairs
... 120600000 pairs
... 120700000 pairs
... 120800000 pairs
... 120900000 pairs
... 121000000 pairs
... 121100000 pairs
... 121200000 pairs
... 121300000 pairs
... 121400000 pairs
... 121500000 pairs
... 121600000 pairs
... 121700000 pairs
... 121800000 pairs
... 121900000 pairs
... 122000000 pairs
... 122100000 pairs
... 122200000 pairs
... 122300000 pairs
... 122400000 pairs
... 122500000 pairs
... 122600000 pairs
... 122700000 pairs
... 122800000 pairs
... 122900000 pairs
... 123000000 pairs
... 123100000 pairs
... 123200000 pairs
... 123300000 pairs
... 123400000 pairs
... 123500000 pairs
... 123600000 pairs
... 123700000 pairs
... 123800000 pairs
... 123900000 pairs
... 124000000 pairs
... 124100000 pairs
... 124200000 pairs
... 124300000 pairs
... 124400000 pairs
... 124500000 pairs
... 124600000 pairs
... 124700000 pairs
... 124800000 pairs
... 124900000 pairs
... 125000000 pairs
... 125100000 pairs
... 125200000 pairs
... 125300000 pairs
... 125400000 pairs
... 125500000 pairs
... 125600000 pairs
... 125700000 pairs
... 125800000 pairs
... 125900000 pairs
... 126000000 pairs
... 126100000 pairs
... 126200000 pairs
final: interleaved 126286037 pairs
output written to 36Lt.76.inter.fq
Input: 252572074 reads.
Output: 252572074 reads.
number of threads 16
reads 252572074
long reads 0
extra reads 0
read_length 75
kmer 76
kmers 8227675 0
merge bubble 0
contigs: 5 n50: 76 max: 76 mean: 76 total length: 380 n80: 76
aligned 0 reads
confirmed bases: 0 correct reads: 0 bases: 0
kmer 31
kmers 137549673 137403223
merge bubble 106717
contigs: 547455 n50: 541 max: 108564 mean: 117 total length: 64293936 n80: 58
aligned 140751981 reads
confirmed bases: 35944816 correct reads: 130084424 bases: 23928510
distance mean 216.656 sd 138.562
seed contigs 26447 local contigs 1094910
kmer 41
kmers 74826663 75452095
merge bubble 8224
contigs: 271525 n50: 2181 max: 142015 mean: 215 total length: 58506370 n80: 95
aligned 162002835 reads
confirmed bases: 40152333 correct reads: 145736315 bases: 3609280
distance mean 216.898 sd 139.256
seed contigs 26871 local contigs 543050
kmer 51
kmers 69854789 70057061
merge bubble 4894
contigs: 153426 n50: 4401 max: 210314 mean: 361 total length: 55503277 n80: 215
aligned 183046902 reads
confirmed bases: 43263927 correct reads: 159925218 bases: 3278358
distance mean 215.875 sd 139.464
seed contigs 27074 local contigs 306852
kmer 61
kmers 60408705 60385025
merge bubble 3584
contigs: 99866 n50: 6371 max: 303532 mean: 543 total length: 54256598 n80: 409
aligned 198870603 reads
confirmed bases: 45409792 correct reads: 174818522 bases: 3396518
distance mean 217.824 sd 140.424
seed contigs 26741 local contigs 199732
kmer 71
kmers 53530911 53501296
merge bubble 2693
contigs: 71789 n50: 8207 max: 303552 mean: 748 total length: 53743762 n80: 673
aligned 199573646 reads
confirmed bases: 46743375 correct reads: 178450235 bases: 1613751
distance mean 220.05 sd 141.539
seed contigs 25527 local contigs 143578
kmer 81
kmers 51678225 51707505
merge bubble 2319
contigs: 98260 n50: 7574 max: 303572 mean: 588 total length: 57782344 n80: 345
aligned 197310738 reads
confirmed bases: 46675177 correct reads: 176699467 bases: 727351
distance mean 220.875 sd 142
seed contigs 25077 local contigs 196520
kmer 91
kmers 52050078 52071688
merge bubble 2217
contigs: 83414 n50: 9250 max: 407601 mean: 691 total length: 57656845 n80: 440
aligned 195682574 reads
confirmed bases: 47019063 correct reads: 176747788 bases: 500094
distance mean 221.715 sd 142.365
seed contigs 24587 local contigs 166828
kmer 101
kmers 52353937 52371566
merge bubble 2051
contigs: 70719 n50: 10509 max: 407621 mean: 812 total length: 57475087 n80: 606
aligned 192153127 reads
confirmed bases: 47429844 correct reads: 176392856 bases: 316238
distance mean 222.685 sd 142.657
seed contigs 28331 local contigs 141438
kmer 111
kmers 52626017 52640897
merge bubble 1847
contigs: 59674 n50: 11745 max: 569291 mean: 958 total length: 57222196 n80: 875
aligned 189990814 reads
confirmed bases: 47383718 correct reads: 175795385 bases: 178986
distance mean 223.363 sd 142.905
seed contigs 27151 local contigs 119348
kmer 121
kmers 52497618 52508319
merge bubble 1602
contigs: 46004 n50: 13865 max: 569530 mean: 1221 total length: 56204405 n80: 1413
reads 252572074
aligned 189473294 reads
distance mean 224.147 sd 143.286
expected coverage 3.70095
edgs 274
contigs: 45836 n50: 14328 max: 569530 mean: 1225 total length: 56158766 n80: 1437
